
START - automation started - Sun Jul 26 2020 22:45:58 GMT+0800 (中国标准时间)

LIVE MODE - type done to quit
 [RPA][STARTED]
[RPA][0] - listening for inputs
[RPA][1] - https://ebsnew.boc.cn/boc15/login.html?seg=66
[RPA][1] - listening for inputs
[RPA][2] - exist_result = exist('txt_username_79443').toString()
[RPA][2] - listening for inputs
[RPA][3] - dump exist_result to rpa_python.txt
[RPA][3] - listening for inputs
[RPA][4] - type txt_username_79443 as hcz2000
[RPA][4] - listening for inputs
[RPA][5] - exist_result = exist('input_div_password_79445').toString()
[RPA][5] - listening for inputs
[RPA][6] - dump exist_result to rpa_python.txt
[RPA][6] - listening for inputs
[RPA][7] - type input_div_password_79445 as sankhya2000
[RPA][7] - listening for inputs
[RPA][8] - exist_result = exist('btn_login_79676').toString()
[RPA][8] - listening for inputs
[RPA][9] - dump exist_result to rpa_python.txt
[RPA][9] - listening for inputs
[RPA][10] - click btn_login_79676
[RPA][10] - listening for inputs
[RPA][11] - exist_result = exist('中银理财').toString()
[RPA][11] - listening for inputs
[RPA][12] - dump exist_result to rpa_python.txt
[RPA][12] - listening for inputs
[RPA][13] - click 中银理财
[RPA][13] - listening for inputs
[RPA][14] - count_result = count('//div[@id="NewHoldProductQuery_34"]//div').toString()
[RPA][14] - listening for inputs
[RPA][15] - dump count_result to rpa_python.txt
[RPA][15] - listening for inputs
[RPA][16] - snap page to results.png
